<?xml version="1.0" encoding="UTF-8"?>
<testng-results ignored="0" total="2" passed="2" failed="0" skipped="0">
  <reporter-output>
  </reporter-output>
  <suite started-at="2023-07-30T20:00:52 IST" name="Default suite" finished-at="2023-07-30T20:00:56 IST" duration-ms="3609">
    <groups>
    </groups>
    <test started-at="2023-07-30T20:00:52 IST" name="Default test" finished-at="2023-07-30T20:00:56 IST" duration-ms="3609">
      <class name="executeScriptInSameBrowser.GetCap">
        <test-method is-config="true" signature="gethost()[pri:0, instance:executeScriptInSameBrowser.GetCap@5e0826e7]" started-at="2023-07-30T20:00:49 IST" name="gethost" finished-at="2023-07-30T20:00:52 IST" duration-ms="2817" status="PASS">
          <reporter-output>
          </reporter-output>
        </test-method> <!-- gethost -->
        <test-method is-config="true" signature="initiate()[pri:0, instance:executeScriptInSameBrowser.GetCap@5e0826e7]" started-at="2023-07-30T20:00:52 IST" name="initiate" finished-at="2023-07-30T20:00:52 IST" duration-ms="500" status="PASS">
          <reporter-output>
          </reporter-output>
        </test-method> <!-- initiate -->
        <test-method signature="run()[pri:0, instance:executeScriptInSameBrowser.GetCap@5e0826e7]" started-at="2023-07-30T20:00:53 IST" name="run" finished-at="2023-07-30T20:00:54 IST" duration-ms="1006" status="PASS">
          <reporter-output>
          </reporter-output>
        </test-method> <!-- run -->
        <test-method signature="run1()[pri:1, instance:executeScriptInSameBrowser.GetCap@5e0826e7]" started-at="2023-07-30T20:00:54 IST" name="run1" finished-at="2023-07-30T20:00:56 IST" duration-ms="2073" status="PASS">
          <reporter-output>
          </reporter-output>
        </test-method> <!-- run1 -->
        <test-method is-config="true" signature="closebrowser()[pri:0, instance:executeScriptInSameBrowser.GetCap@5e0826e7]" started-at="2023-07-30T20:00:56 IST" name="closebrowser" finished-at="2023-07-30T20:00:56 IST" duration-ms="23" status="PASS">
          <reporter-output>
          </reporter-output>
        </test-method> <!-- closebrowser -->
      </class> <!-- executeScriptInSameBrowser.GetCap -->
    </test> <!-- Default test -->
  </suite> <!-- Default suite -->
</testng-results>
